<?xml version="1.0" encoding="UTF-8"?>
<!-- Generated by org.testng.reporters.JUnitXMLReporter -->
<testsuite hostname="DESKTOP-TSE6K3A" ignored="0" name="ParellelTest" tests="1" failures="1" timestamp="2022-10-25T17:57:59 IST" time="0.146" errors="0">
  <testcase name="testLoginOfVtiger" time="0.0" classname="basictestngsuit.ParalledNewTest">
    <failure type="org.testng.TestNGException" message="
Parameter &amp;apos;browser&amp;apos; is required by @Test on method testLoginOfVtiger but has not been marked @Optional or defined
in C:\Users\kk\eclipse-workspace\MavenProject\Parallel.xml">
      <![CDATA[org.testng.TestNGException: 
Parameter 'browser' is required by @Test on method testLoginOfVtiger but has not been marked @Optional or defined
in C:\Users\kk\eclipse-workspace\MavenProject\Parallel.xml
at java.util.concurrent.ThreadPoolExecutor.runWorker(Unknown Source)
at java.util.concurrent.ThreadPoolExecutor$Worker.run(Unknown Source)
at java.lang.Thread.run(Unknown Source)
... Removed 11 stack frames]]>
    </failure>
  </testcase> <!-- testLoginOfVtiger -->
</testsuite> <!-- ParellelTest -->
