<html>
<head>
<title>TestNG:  TestSmoke</title>
<link href="../testng.css" rel="stylesheet" type="text/css" />
<link href="../my-testng.css" rel="stylesheet" type="text/css" />

<style type="text/css">
.log { display: none;} 
.stack-trace { display: none;} 
</style>
<script type="text/javascript">
<!--
function flip(e) {
  current = e.style.display;
  if (current == 'block') {
    e.style.display = 'none';
    return 0;
  }
  else {
    e.style.display = 'block';
    return 1;
  }
}

function toggleBox(szDivId, elem, msg1, msg2)
{
  var res = -1;  if (document.getElementById) {
    res = flip(document.getElementById(szDivId));
  }
  else if (document.all) {
    // this is the way old msie versions work
    res = flip(document.all[szDivId]);
  }
  if(elem) {
    if(res == 0) elem.innerHTML = msg1; else elem.innerHTML = msg2;
  }

}

function toggleAllBoxes() {
  if (document.getElementsByTagName) {
    d = document.getElementsByTagName('div');
    for (i = 0; i < d.length; i++) {
      if (d[i].className == 'log') {
        flip(d[i]);
      }
    }
  }
}

// -->
</script>

</head>
<body>
<h2 align='center'>TestSmoke</h2><table border='1' align="center">
<tr>
<td>Tests passed/Failed/Skipped:</td><td>9/1/1</td>
</tr><tr>
<td>Started on:</td><td>Mon Oct 24 22:35:08 IST 2022</td>
</tr>
<tr><td>Total time:</td><td>0 seconds (206 ms)</td>
</tr><tr>
<td>Included groups:</td><td></td>
</tr><tr>
<td>Excluded groups:</td><td></td>
</tr>
</table><p/>
<small><i>(Hover the method name to see the test class name)</i></small><p/>
<table width='100%' border='1' class='invocation-failed'>
<tr><td colspan='4' align='center'><b>FAILED TESTS</b></td></tr>
<tr><td><b>Test method</b></td>
<td width="30%"><b>Exception</b></td>
<td width="10%"><b>Time (seconds)</b></td>
<td><b>Instance</b></td>
</tr>
<tr>
<td title='basictestngsuit.Actitime_DependsOn.openBrowserAndAppURL()'><b>openBrowserAndAppURL</b><br>Test class: basictestngsuit.Actitime_DependsOn</td>
<td><div><pre>java.lang.ArithmeticException: / by zero
	at basictestngsuit.Actitime_DependsOn.openBrowserAndAppURL(Actitime_DependsOn.java:7)
	at java.util.ArrayList.forEach(Unknown Source)
... Removed 28 stack frames</pre></div><a href='#' onClick='toggleBox("stack-trace876213901", this, "Click to show all stack frames", "Click to hide stack frames")'>Click to show all stack frames</a>
<div class='stack-trace' id='stack-trace876213901'><pre>java.lang.ArithmeticException: / by zero
	at basictestngsuit.Actitime_DependsOn.openBrowserAndAppURL(Actitime_DependsOn.java:7)
	at sun.reflect.NativeMethodAccessorImpl.invoke0(Native Method)
	at sun.reflect.NativeMethodAccessorImpl.invoke(Unknown Source)
	at sun.reflect.DelegatingMethodAccessorImpl.invoke(Unknown Source)
	at java.lang.reflect.Method.invoke(Unknown Source)
	at org.testng.internal.MethodInvocationHelper.invokeMethod(MethodInvocationHelper.java:133)
	at org.testng.internal.TestInvoker.invokeMethod(TestInvoker.java:598)
	at org.testng.internal.TestInvoker.invokeTestMethod(TestInvoker.java:173)
	at org.testng.internal.MethodRunner.runInSequence(MethodRunner.java:46)
	at org.testng.internal.TestInvoker$MethodInvocationAgent.invoke(TestInvoker.java:824)
	at org.testng.internal.TestInvoker.invokeTestMethods(TestInvoker.java:146)
	at org.testng.internal.TestMethodWorker.invokeTestMethods(TestMethodWorker.java:146)
	at org.testng.internal.TestMethodWorker.run(TestMethodWorker.java:128)
	at org.testng.TestRunner$$Lambda$96/282828951.accept(Unknown Source)
	at java.util.ArrayList.forEach(Unknown Source)
	at org.testng.TestRunner.privateRun(TestRunner.java:794)
	at org.testng.TestRunner.run(TestRunner.java:596)
	at org.testng.SuiteRunner.runTest(SuiteRunner.java:377)
	at org.testng.SuiteRunner.runSequentially(SuiteRunner.java:371)
	at org.testng.SuiteRunner.privateRun(SuiteRunner.java:332)
	at org.testng.SuiteRunner.run(SuiteRunner.java:276)
	at org.testng.SuiteRunnerWorker.runSuite(SuiteRunnerWorker.java:53)
	at org.testng.SuiteRunnerWorker.run(SuiteRunnerWorker.java:96)
	at org.testng.TestNG.runSuitesSequentially(TestNG.java:1212)
	at org.testng.TestNG.runSuitesLocally(TestNG.java:1134)
	at org.testng.TestNG.runSuites(TestNG.java:1063)
	at org.testng.TestNG.run(TestNG.java:1031)
	at org.testng.remote.AbstractRemoteTestNG.run(AbstractRemoteTestNG.java:115)
	at org.testng.remote.RemoteTestNG.initAndRun(RemoteTestNG.java:251)
	at org.testng.remote.RemoteTestNG.main(RemoteTestNG.java:77)
</pre></div></td>
<td>0</td>
<td>basictestngsuit.Actitime_DependsOn@4d41cee</td></tr>
</table><p>
<table width='100%' border='1' class='invocation-passed'>
<tr><td colspan='4' align='center'><b>PASSED TESTS</b></td></tr>
<tr><td><b>Test method</b></td>
<td width="30%"><b>Exception</b></td>
<td width="10%"><b>Time (seconds)</b></td>
<td><b>Instance</b></td>
</tr>
<tr>
<td title='basictestngsuit.Actitime_DependsOn.logoutClose()'><b>logoutClose</b><br>Test class: basictestngsuit.Actitime_DependsOn</td>
<td></td>
<td>0</td>
<td>basictestngsuit.Actitime_DependsOn@4d41cee</td></tr>
<tr>
<td title='basictestngsuit.GroupExamples.testCaseOne()'><b>testCaseOne</b><br>Test class: basictestngsuit.GroupExamples</td>
<td></td>
<td>0</td>
<td>basictestngsuit.GroupExamples@2781e022</td></tr>
<tr>
<td title='basictestngsuit.Actitime_Enabled.openBrowserAndAppURL()'><b>openBrowserAndAppURL</b><br>Test class: basictestngsuit.Actitime_Enabled</td>
<td></td>
<td>0</td>
<td>basictestngsuit.Actitime_Enabled@4493d195</td></tr>
<tr>
<td title='basictestngsuit.GroupExamples.testCaseTwo()'><b>testCaseTwo</b><br>Test class: basictestngsuit.GroupExamples</td>
<td></td>
<td>0</td>
<td>basictestngsuit.GroupExamples@2781e022</td></tr>
<tr>
<td title='basictestngsuit.GroupExamples.testCaseFour()'><b>testCaseFour</b><br>Test class: basictestngsuit.GroupExamples</td>
<td></td>
<td>0</td>
<td>basictestngsuit.GroupExamples@2781e022</td></tr>
<tr>
<td title='basictestngsuit.GroupExamples.testCaseFive()'><b>testCaseFive</b><br>Test class: basictestngsuit.GroupExamples</td>
<td></td>
<td>0</td>
<td>basictestngsuit.GroupExamples@2781e022</td></tr>
<tr>
<td title='basictestngsuit.GroupExamples.testCaseThree()'><b>testCaseThree</b><br>Test class: basictestngsuit.GroupExamples</td>
<td></td>
<td>0</td>
<td>basictestngsuit.GroupExamples@2781e022</td></tr>
<tr>
<td title='basictestngsuit.Actitime_DependsOn.createTask()'><b>createTask</b><br>Test class: basictestngsuit.Actitime_DependsOn</td>
<td></td>
<td>0</td>
<td>basictestngsuit.Actitime_DependsOn@4d41cee</td></tr>
<tr>
<td title='basictestngsuit.Actitime_Enabled.createTask()'><b>createTask</b><br>Test class: basictestngsuit.Actitime_Enabled</td>
<td></td>
<td>0</td>
<td>basictestngsuit.Actitime_Enabled@4493d195</td></tr>
</table><p>
<table width='100%' border='1' class='invocation-skipped'>
<tr><td colspan='4' align='center'><b>SKIPPED TESTS</b></td></tr>
<tr><td><b>Test method</b></td>
<td width="30%"><b>Exception</b></td>
<td width="10%"><b>Time (seconds)</b></td>
<td><b>Instance</b></td>
</tr>
<tr>
<td title='basictestngsuit.Actitime_DependsOn.login()'><b>login</b><br>Test class: basictestngsuit.Actitime_DependsOn</td>
<td><div><pre>java.lang.Throwable: Method Actitime_DependsOn.login()[pri:0, instance:basictestngsuit.Actitime_DependsOn@4d41cee] depends on not successfully finished methods
	at java.util.ArrayList.forEach(Unknown Source)
... Removed 19 stack frames</pre></div><a href='#' onClick='toggleBox("stack-trace708890004", this, "Click to show all stack frames", "Click to hide stack frames")'>Click to show all stack frames</a>
<div class='stack-trace' id='stack-trace708890004'><pre>java.lang.Throwable: Method Actitime_DependsOn.login()[pri:0, instance:basictestngsuit.Actitime_DependsOn@4d41cee] depends on not successfully finished methods
	at org.testng.internal.TestInvoker.invokeTestMethods(TestInvoker.java:102)
	at org.testng.internal.TestMethodWorker.invokeTestMethods(TestMethodWorker.java:146)
	at org.testng.internal.TestMethodWorker.run(TestMethodWorker.java:128)
	at org.testng.TestRunner$$Lambda$96/282828951.accept(Unknown Source)
	at java.util.ArrayList.forEach(Unknown Source)
	at org.testng.TestRunner.privateRun(TestRunner.java:794)
	at org.testng.TestRunner.run(TestRunner.java:596)
	at org.testng.SuiteRunner.runTest(SuiteRunner.java:377)
	at org.testng.SuiteRunner.runSequentially(SuiteRunner.java:371)
	at org.testng.SuiteRunner.privateRun(SuiteRunner.java:332)
	at org.testng.SuiteRunner.run(SuiteRunner.java:276)
	at org.testng.SuiteRunnerWorker.runSuite(SuiteRunnerWorker.java:53)
	at org.testng.SuiteRunnerWorker.run(SuiteRunnerWorker.java:96)
	at org.testng.TestNG.runSuitesSequentially(TestNG.java:1212)
	at org.testng.TestNG.runSuitesLocally(TestNG.java:1134)
	at org.testng.TestNG.runSuites(TestNG.java:1063)
	at org.testng.TestNG.run(TestNG.java:1031)
	at org.testng.remote.AbstractRemoteTestNG.run(AbstractRemoteTestNG.java:115)
	at org.testng.remote.RemoteTestNG.initAndRun(RemoteTestNG.java:251)
	at org.testng.remote.RemoteTestNG.main(RemoteTestNG.java:77)
</pre></div></td>
<td>0</td>
<td>basictestngsuit.Actitime_DependsOn@4d41cee</td></tr>
</table><p>
</body>
</html>